<?xml version="1.0" encoding="UTF-8"?>
<!-- Generated by org.testng.reporters.JUnitXMLReporter -->
<testsuite hostname="BLRPRAFWD21790" ignored="0" name="Test" tests="4" failures="1" timestamp="26 Mar 2018 07:25:58 GMT" time="0.033" errors="0">
  <testcase name="t1" time="0.016" classname="com.practice.examples.AnnotationExample">
    <skipped/>
  </testcase> <!-- t1 -->
  <testcase name="t1" time="0.0" classname="com.practice.examples.AnnotationExample">
    <skipped/>
  </testcase> <!-- t1 -->
  <testcase name="t1" time="0.0" classname="com.practice.examples.AnnotationExample">
    <failure type="java.lang.AssertionError" message="expected [true] but found [false]">
      <![CDATA[java.lang.AssertionError: expected [true] but found [false]
at com.practice.examples.AnnotationExample.t1(AnnotationExample.java:32)
... Removed 29 stack frames]]>
    </failure>
  </testcase> <!-- t1 -->
  <testcase name="t2" time="0.0" classname="com.practice.examples.AnnotationExample"/>
</testsuite> <!-- Test -->
