<?xml version="1.0" encoding="UTF-8"?>
<!-- Generated by org.testng.reporters.JUnitXMLReporter -->
<testsuite hostname="BLRPRAFWD21790" ignored="1" name="Test(failed)" tests="1" failures="0" timestamp="19 Mar 2018 13:30:39 GMT" time="0.035" errors="0">
  <testcase name="@AfterMethod am" time="0.003" classname="com.practice.examples.AnnotationExample">
    <failure type="java.lang.AssertionError" message="expected [true] but found [false]">
      <![CDATA[java.lang.AssertionError: expected [true] but found [false]
at com.practice.examples.AnnotationExample.am(AnnotationExample.java:24)
... Removed 32 stack frames]]>
    </failure>
  </testcase> <!-- @AfterMethod am -->
  <testcase name="@AfterClass ac" time="0.0" classname="com.practice.examples.AnnotationExample">
    <skipped/>
  </testcase> <!-- @AfterClass ac -->
  <testcase name="@AfterTest at" time="0.0" classname="com.practice.examples.AnnotationExample">
    <skipped/>
  </testcase> <!-- @AfterTest at -->
  <testcase name="t2" time="0.004" classname="com.practice.examples.AnnotationExample"/>
  <testcase name="t1" time="0.0" classname="com.practice.examples.AnnotationExample">
    <ignored/>
  </testcase> <!-- t1 -->
</testsuite> <!-- Test(failed) -->
